0 info it worked if it ends with ok
1 verbose cli [ '/usr/bin/nodejs', '/usr/bin/npm', 'start' ]
2 info using npm@4.1.2
3 info using node@v7.5.0
4 verbose run-script [ 'prestart', 'start', 'poststart' ]
5 info lifecycle worldofcrew@1.0.0~prestart: worldofcrew@1.0.0
6 silly lifecycle worldofcrew@1.0.0~prestart: no script for prestart, continuing
7 info lifecycle worldofcrew@1.0.0~start: worldofcrew@1.0.0
8 verbose lifecycle worldofcrew@1.0.0~start: unsafe-perm in lifecycle true
9 verbose lifecycle worldofcrew@1.0.0~start: PATH: /usr/lib/node_modules/npm/bin/node-gyp-bin:/home/kjs/work/work2/nodeproject/node_modules/.bin:/usr/local/sbin:/usr/local/bin:/usr/sbin:/usr/bin:/sbin:/bin:/usr/games:/usr/local/games
10 verbose lifecycle worldofcrew@1.0.0~start: CWD: /home/kjs/work/work2/nodeproject
11 silly lifecycle worldofcrew@1.0.0~start: Args: [ '-c', 'nodemon' ]
12 info lifecycle worldofcrew@1.0.0~start: Failed to exec start script
13 verbose stack Error: worldofcrew@1.0.0 start: `nodemon`
13 verbose stack spawn ENOENT
13 verbose stack     at ChildProcess.<anonymous> (/usr/lib/node_modules/npm/lib/utils/spawn.js:33:16)
13 verbose stack     at emitTwo (events.js:106:13)
13 verbose stack     at ChildProcess.emit (events.js:192:7)
13 verbose stack     at maybeClose (internal/child_process.js:890:16)
13 verbose stack     at Process.ChildProcess._handle.onexit (internal/child_process.js:226:5)
14 verbose pkgid worldofcrew@1.0.0
15 verbose cwd /home/kjs/work/work2/nodeproject
16 error Linux 4.4.0-62-generic
17 error argv "/usr/bin/nodejs" "/usr/bin/npm" "start"
18 error node v7.5.0
19 error npm  v4.1.2
20 error file sh
21 error code ELIFECYCLE
22 error errno ENOENT
23 error syscall spawn
24 error worldofcrew@1.0.0 start: `nodemon`
24 error spawn ENOENT
25 error Failed at the worldofcrew@1.0.0 start script 'nodemon'.
25 error Make sure you have the latest version of node.js and npm installed.
25 error If you do, this is most likely a problem with the worldofcrew package,
25 error not with npm itself.
25 error Tell the author that this fails on your system:
25 error     nodemon
25 error You can get information on how to open an issue for this project with:
25 error     npm bugs worldofcrew
25 error Or if that isn't available, you can get their info via:
25 error     npm owner ls worldofcrew
25 error There is likely additional logging output above.
26 verbose exit [ 1, true ]
